C:\HOS\HOSProj\RTOS_sample\Debug\RTOS_sample.pdb
C:\HOS\HOSProj\RTOS_sample\RTOS_sample\Debug\cl.command.1.tlog
C:\HOS\HOSProj\RTOS_sample\RTOS_sample\Debug\CL.read.1.tlog
C:\HOS\HOSProj\RTOS_sample\RTOS_sample\Debug\CL.write.1.tlog
C:\HOS\HOSPROJ\RTOS_SAMPLE\RTOS_SAMPLE\DEBUG\KERNEL_CFG.OBJ
C:\HOS\HOSProj\RTOS_sample\RTOS_sample\Debug\link.command.1.tlog
C:\HOS\HOSProj\RTOS_sample\RTOS_sample\Debug\link.read.1.tlog
C:\HOS\HOSProj\RTOS_sample\RTOS_sample\Debug\link.write.1.tlog
C:\HOS\HOSProj\RTOS_sample\RTOS_sample\Debug\link-cvtres.read.1.tlog
C:\HOS\HOSProj\RTOS_sample\RTOS_sample\Debug\link-cvtres.write.1.tlog
C:\HOS\HOSPROJ\RTOS_SAMPLE\RTOS_SAMPLE\DEBUG\OSTIMER.OBJ
C:\HOS\HOSProj\RTOS_sample\RTOS_sample\Debug\rc.command.1.tlog
C:\HOS\HOSProj\RTOS_sample\RTOS_sample\Debug\rc.read.1.tlog
C:\HOS\HOSProj\RTOS_sample\RTOS_sample\Debug\rc.write.1.tlog
C:\HOS\HOSProj\RTOS_sample\RTOS_sample\Debug\RTOS_sample.exe.embed.manifest
C:\HOS\HOSPROJ\RTOS_SAMPLE\RTOS_SAMPLE\DEBUG\RTOS_SAMPLE.EXE.EMBED.MANIFEST.RES
C:\HOS\HOSProj\RTOS_sample\RTOS_sample\Debug\RTOS_sample.exe.intermediate.manifest
C:\HOS\HOSPROJ\RTOS_SAMPLE\RTOS_SAMPLE\DEBUG\RTOS_SAMPLE.OBJ
C:\HOS\HOSProj\RTOS_sample\RTOS_sample\Debug\RTOS_sample.vcxprojResolveAssemblyReference.cache
C:\HOS\HOSProj\RTOS_sample\RTOS_sample\Debug\RTOS_sample.write.1.tlog
C:\HOS\HOSProj\RTOS_sample\RTOS_sample\Debug\RTOS_sample_manifest.rc
C:\HOS\HOSPROJ\RTOS_SAMPLE\RTOS_SAMPLE\DEBUG\STDAFX.OBJ
C:\HOS\HOSProj\RTOS_sample\RTOS_sample\Debug\vc100.idb
C:\HOS\HOSPROJ\RTOS_SAMPLE\RTOS_SAMPLE\DEBUG\VC100.PDB
C:\HOS\HOSPROJ\RTOS_SAMPLE\RTOS_SAMPLE\DEBUG\WINTIMER.OBJ
